<?xml version="1.0" encoding="UTF-8"?>
<testsuite name="com.exemple.ThemeParkApplicationIT" tests="4" skipped="0" failures="0" errors="0" timestamp="2021-01-16T18:10:24" hostname="DESKTOP-3FUQJCA" time="0.835">
  <properties/>
  <testcase name="getsAllRides" classname="com.exemple.ThemeParkApplicationIT" time="0.543"/>
  <testcase name="getsSingleRide" classname="com.exemple.ThemeParkApplicationIT" time="0.043"/>
  <testcase name="returnsNotFoundForInvalidSingleRide" classname="com.exemple.ThemeParkApplicationIT" time="0.013"/>
  <testcase name="addsNewRide" classname="com.exemple.ThemeParkApplicationIT" time="0.232"/>
  <system-out><![CDATA[19:10:15.655 [Test worker] DEBUG org.springframework.test.annotation.ProfileValueUtils - Retrieved @ProfileValueSourceConfiguration [null] for test class [com.exemple.ThemeParkApplicationIT]
19:10:15.656 [Test worker] DEBUG org.springframework.test.annotation.ProfileValueUtils - Retrieved ProfileValueSource type [class org.springframework.test.annotation.SystemProfileValueSource] for class [com.exemple.ThemeParkApplicationIT]
19:10:15.657 [Test worker] DEBUG org.springframework.test.annotation.ProfileValueUtils - Retrieved @ProfileValueSourceConfiguration [null] for test class [com.exemple.ThemeParkApplicationIT]
19:10:15.657 [Test worker] DEBUG org.springframework.test.annotation.ProfileValueUtils - Retrieved ProfileValueSource type [class org.springframework.test.annotation.SystemProfileValueSource] for class [com.exemple.ThemeParkApplicationIT]
19:10:15.665 [Test worker] DEBUG org.springframework.test.context.support.AbstractDirtiesContextTestExecutionListener - Before test class: context [DefaultTestContext@c8e2013 testClass = ThemeParkApplicationIT, testInstance = [null], testMethod = [null], testException = [null], mergedContextConfiguration = [WebMergedContextConfiguration@9c19b10 testClass = ThemeParkApplicationIT, locations = '{}', classes = '{class com.ThemeParkApplication}', contextInitializerClasses = '[]', activeProfiles = '{}', propertySourceLocations = '{}', propertySourceProperties = '{org.springframework.boot.test.context.SpringBootTestContextBootstrapper=true}', contextCustomizers = set[org.springframework.boot.test.autoconfigure.properties.PropertyMappingContextCustomizer@4b3fa0b3, org.springframework.boot.test.autoconfigure.web.servlet.WebDriverContextCustomizerFactory$Customizer@6591d07, [ImportsContextCustomizer@3637ef2c key = [org.springframework.boot.test.autoconfigure.web.servlet.MockMvcAutoConfiguration, org.springframework.boot.test.autoconfigure.web.servlet.MockMvcWebClientAutoConfiguration, org.springframework.boot.test.autoconfigure.web.servlet.MockMvcWebDriverAutoConfiguration, org.springframework.boot.autoconfigure.security.oauth2.client.servlet.OAuth2ClientAutoConfiguration, org.springframework.boot.autoconfigure.security.oauth2.resource.servlet.OAuth2ResourceServerAutoConfiguration, org.springframework.boot.autoconfigure.security.servlet.SecurityAutoConfiguration, org.springframework.boot.autoconfigure.security.servlet.SecurityFilterAutoConfiguration, org.springframework.boot.autoconfigure.security.servlet.UserDetailsServiceAutoConfiguration, org.springframework.boot.test.autoconfigure.web.servlet.MockMvcSecurityConfiguration]], org.springframework.boot.test.context.filter.ExcludeFilterContextCustomizer@fc1504a, org.springframework.boot.test.json.DuplicateJsonObjectContextCustomizerFactory$DuplicateJsonObjectContextCustomizer@11a577d3, org.springframework.boot.test.mock.mockito.MockitoContextCustomizer@0, org.springframework.boot.test.web.client.TestRestTemplateContextCustomizer@30bd836c, org.springframework.boot.test.context.SpringBootTestArgs@1], resourceBasePath = 'src/main/webapp', contextLoader = 'org.springframework.boot.test.context.SpringBootContextLoader', parent = [null]], attributes = map['org.springframework.test.context.web.ServletTestExecutionListener.activateListener' -> true]], class annotated with @DirtiesContext [false] with mode [null].
19:10:15.667 [Test worker] DEBUG org.springframework.test.annotation.ProfileValueUtils - Retrieved @ProfileValueSourceConfiguration [null] for test class [com.exemple.ThemeParkApplicationIT]
19:10:15.667 [Test worker] DEBUG org.springframework.test.annotation.ProfileValueUtils - Retrieved ProfileValueSource type [class org.springframework.test.annotation.SystemProfileValueSource] for class [com.exemple.ThemeParkApplicationIT]
19:10:15.691 [Test worker] DEBUG org.springframework.test.context.support.TestPropertySourceUtils - Adding inlined properties to environment: {spring.jmx.enabled=false, org.springframework.boot.test.context.SpringBootTestContextBootstrapper=true}

  .   ____          _            __ _ _
 /\\ / ___'_ __ _ _(_)_ __  __ _ \ \ \ \
( ( )\___ | '_ | '_| | '_ \/ _` | \ \ \ \
 \\/  ___)| |_)| | | | | || (_| |  ) ) ) )
  '  |____| .__|_| |_|_| |_\__, | / / / /
 =========|_|==============|___/=/_/_/_/
 :: Spring Boot ::        (v2.3.4.RELEASE)

2021-01-16 19:10:16.321  INFO 2112 --- [    Test worker] com.exemple.ThemeParkApplicationIT       : Starting ThemeParkApplicationIT on DESKTOP-3FUQJCA with PID 2112 (started by Pc in C:\springProject\spring-jenkins-demo)
2021-01-16 19:10:16.323  INFO 2112 --- [    Test worker] com.exemple.ThemeParkApplicationIT       : No active profile set, falling back to default profiles: default
2021-01-16 19:10:18.837  INFO 2112 --- [    Test worker] .s.d.r.c.RepositoryConfigurationDelegate : Bootstrapping Spring Data JPA repositories in DEFERRED mode.
2021-01-16 19:10:19.356  INFO 2112 --- [    Test worker] .s.d.r.c.RepositoryConfigurationDelegate : Finished Spring Data repository scanning in 494ms. Found 1 JPA repository interfaces.
2021-01-16 19:10:20.245  INFO 2112 --- [    Test worker] o.s.s.concurrent.ThreadPoolTaskExecutor  : Initializing ExecutorService 'applicationTaskExecutor'
2021-01-16 19:10:20.290  INFO 2112 --- [    Test worker] com.zaxxer.hikari.HikariDataSource       : HikariPool-1 - Starting...
2021-01-16 19:10:20.642  INFO 2112 --- [    Test worker] com.zaxxer.hikari.HikariDataSource       : HikariPool-1 - Start completed.
2021-01-16 19:10:21.019  INFO 2112 --- [         task-1] o.hibernate.jpa.internal.util.LogHelper  : HHH000204: Processing PersistenceUnitInfo [name: default]
2021-01-16 19:10:21.112  INFO 2112 --- [         task-1] org.hibernate.Version                    : HHH000412: Hibernate ORM core version 5.4.21.Final
2021-01-16 19:10:21.413  INFO 2112 --- [         task-1] o.hibernate.annotations.common.Version   : HCANN000001: Hibernate Commons Annotations {5.1.0.Final}
2021-01-16 19:10:21.436  WARN 2112 --- [    Test worker] JpaBaseConfiguration$JpaWebConfiguration : spring.jpa.open-in-view is enabled by default. Therefore, database queries may be performed during view rendering. Explicitly configure spring.jpa.open-in-view to disable this warning
2021-01-16 19:10:21.667  INFO 2112 --- [         task-1] org.hibernate.dialect.Dialect            : HHH000400: Using dialect: org.hibernate.dialect.H2Dialect
2021-01-16 19:10:23.351  INFO 2112 --- [         task-1] o.h.e.t.j.p.i.JtaPlatformInitiator       : HHH000490: Using JtaPlatform implementation: [org.hibernate.engine.transaction.jta.platform.internal.NoJtaPlatform]
2021-01-16 19:10:23.365  INFO 2112 --- [         task-1] j.LocalContainerEntityManagerFactoryBean : Initialized JPA EntityManagerFactory for persistence unit 'default'
2021-01-16 19:10:23.712  INFO 2112 --- [    Test worker] o.s.b.t.m.w.SpringBootMockServletContext : Initializing Spring TestDispatcherServlet ''
2021-01-16 19:10:23.713  INFO 2112 --- [    Test worker] o.s.t.web.servlet.TestDispatcherServlet  : Initializing Servlet ''
2021-01-16 19:10:23.735  INFO 2112 --- [    Test worker] o.s.b.a.e.web.EndpointLinksResolver      : Exposing 2 endpoint(s) beneath base path '/actuator'
2021-01-16 19:10:23.783  INFO 2112 --- [    Test worker] o.s.t.web.servlet.TestDispatcherServlet  : Completed initialization in 70 ms
2021-01-16 19:10:23.817  INFO 2112 --- [    Test worker] DeferredRepositoryInitializationListener : Triggering deferred initialization of Spring Data repositories…
2021-01-16 19:10:24.270  INFO 2112 --- [    Test worker] DeferredRepositoryInitializationListener : Spring Data repositories initialized!
2021-01-16 19:10:24.293  INFO 2112 --- [    Test worker] com.exemple.ThemeParkApplicationIT       : Started ThemeParkApplicationIT in 8.587 seconds (JVM running for 10.582)
]]></system-out>
  <system-err><![CDATA[]]></system-err>
</testsuite>
